2021-11-04T08:26:52+00:00 CRITICAL syntax error, unexpected token "}" in D:\xampp\htdocs\wp-furniture-store\wp-content\themes\flatsome\functions.php on line 19

2021-11-04T08:27:15+00:00 CRITICAL syntax error, unexpected token "}" in D:\xampp\htdocs\wp-furniture-store\wp-content\themes\flatsome\functions.php on line 19

2021-11-04T08:28:47+00:00 CRITICAL syntax error, unexpected token "}" in D:\xampp\htdocs\wp-furniture-store\wp-content\themes\flatsome\functions.php on line 19

2021-11-04T08:31:47+00:00 CRITICAL Cannot redeclare theme_enqueue_scripts() (previously declared in D:\xampp\htdocs\wp-furniture-store\wp-content\themes\flatsome\functions.php:17) in D:\xampp\htdocs\wp-furniture-store\wp-content\themes\flatsome\inc\init.php on line 207

2021-11-04T08:31:49+00:00 CRITICAL Cannot redeclare theme_enqueue_scripts() (previously declared in D:\xampp\htdocs\wp-furniture-store\wp-content\themes\flatsome\functions.php:17) in D:\xampp\htdocs\wp-furniture-store\wp-content\themes\flatsome\inc\init.php on line 207

2021-11-04T10:31:32+00:00 CRITICAL Uncaught TypeError: Cannot access offset of type string on string in D:\xampp\htdocs\wp-furniture-store\wp-content\themes\flatsome\inc\init.php:227
Stack trace:
#0 D:\xampp\htdocs\wp-furniture-store\wp-includes\shortcodes.php(356): create_hero_content('', '', 'mytheme_hero_co...')
#1 [internal function]: do_shortcode_tag(Array)
#2 D:\xampp\htdocs\wp-furniture-store\wp-includes\shortcodes.php(228): preg_replace_callback('/\\[(\\[?)(col|co...', 'do_shortcode_ta...', '[row label="Dan...')
#3 D:\xampp\htdocs\wp-furniture-store\wp-content\themes\flatsome\inc\helpers\helpers-shortcode.php(191): do_shortcode('[row label="Dan...')
#4 D:\xampp\htdocs\wp-furniture-store\wp-includes\class-wp-hook.php(303): flatsome_contentfix('[row label="Dan...')
#5 D:\xampp\htdocs\wp-furniture-store\wp-includes\plugin.php(189): WP_Hook->apply_filters('[row label="Dan...', Array)
#6 D:\xampp\htdocs\wp-furniture-store\wp-includes\post-template.php(253): apply_filters('the_content', '[row label="Dan...')
#7 D:\xampp\htdocs\wp-furniture-store\wp-content\themes\flatsome\page.php(33): the_content()
#8 D:\xampp\htdocs\wp-furniture-store\wp-includes\template-loader.php(106): include('D:\\xampp\\htdocs...')
#9 D:\xampp\htdocs\wp-furniture-store\wp-blog-header.php(19): require_once('D:\\xampp\\htdocs...')
#10 D:\xampp\htdocs\wp-furniture-store\index.php(17): require('D:\\xampp\\htdocs...')
#11 {main}
  thrown in D:\xampp\htdocs\wp-furniture-store\wp-content\themes\flatsome\inc\init.php on line 227

